Build target 'Suspension'
assembling startup_stm32f407xx.s...
compiling uartPack.c...
compiling pid.c...
compiling motor.c...
compiling main.c...
compiling gpio.c...
compiling tim.c...
compiling usart.c...
compiling stm32f4xx_it.c...
compiling stm32f4xx_hal_msp.c...
compiling stm32f4xx_hal_tim.c...
compiling stm32f4xx_hal_tim_ex.c...
compiling stm32f4xx_hal_rcc.c...
compiling stm32f4xx_hal_rcc_ex.c...
compiling stm32f4xx_hal_flash.c...
compiling stm32f4xx_hal_flash_ex.c...
compiling stm32f4xx_hal_flash_ramfunc.c...
compiling stm32f4xx_hal_gpio.c...
compiling stm32f4xx_hal_dma_ex.c...
compiling stm32f4xx_hal_dma.c...
compiling stm32f4xx_hal_pwr.c...
compiling stm32f4xx_hal_pwr_ex.c...
compiling stm32f4xx_hal_cortex.c...
compiling stm32f4xx_hal.c...
compiling stm32f4xx_hal_exti.c...
compiling stm32f4xx_hal_uart.c...
compiling system_stm32f4xx.c...
linking...
Program Size: Code=22038 RO-data=934 RW-data=76 ZI-data=2740  
FromELF: creating hex file...
"Suspension\Suspension.axf" - 0 Error(s), 0 Warning(s).
